<?xml version="1.0" encoding="UTF-8"?>
<testng-results ignored="0" total="1" passed="1" failed="0" skipped="0">
  <reporter-output>
  </reporter-output>
  <suite started-at="2025-02-14T15:11:53 IST" name="Suite" finished-at="2025-02-14T15:11:58 IST" duration-ms="4555">
    <groups>
    </groups>
    <test started-at="2025-02-14T15:11:53 IST" name="Test" finished-at="2025-02-14T15:11:58 IST" duration-ms="4555">
      <class name="com_AdactinBase_TCases.Tc_001_login_and_search_hotel">
        <test-method is-config="true" signature="openApplication(java.lang.String,java.lang.String)[pri:0, instance:com_AdactinBase_TCases.Tc_001_login_and_search_hotel@66982506]" started-at="2025-02-14T15:11:54 IST" name="openApplication" finished-at="2025-02-14T15:11:57 IST" duration-ms="3093" status="PASS">
          <params>
            <param index="0">
              <value>
                <![CDATA[Chrome]]>
              </value>
            </param>
            <param index="1">
              <value>
                <![CDATA[https://adactinhotelapp.com/]]>
              </value>
            </param>
          </params>
          <reporter-output>
          </reporter-output>
        </test-method> <!-- openApplication -->
        <test-method signature="searchhotel()[pri:0, instance:com_AdactinBase_TCases.Tc_001_login_and_search_hotel@66982506]" started-at="2025-02-14T15:11:57 IST" name="searchhotel" finished-at="2025-02-14T15:11:58 IST" duration-ms="1163" status="PASS">
          <reporter-output>
          </reporter-output>
        </test-method> <!-- searchhotel -->
        <test-method is-config="true" signature="closeApplication()[pri:0, instance:com_AdactinBase_TCases.Tc_001_login_and_search_hotel@66982506]" started-at="2025-02-14T15:11:58 IST" name="closeApplication" finished-at="2025-02-14T15:11:58 IST" duration-ms="91" status="PASS">
          <reporter-output>
          </reporter-output>
        </test-method> <!-- closeApplication -->
      </class> <!-- com_AdactinBase_TCases.Tc_001_login_and_search_hotel -->
    </test> <!-- Test -->
  </suite> <!-- Suite -->
</testng-results>
